<?xml version="1.0" encoding="utf-8" standalone="no"?>
<!--This file represents the results of running a test suite-->
<test-results name="D:\Programiranje\Fra.me\VS2012\MouseAndKeyboardSwitch\MouseAndKeyboardSwitch\TestcaseNUnit\bin\Debug\TestCaseNUnit.dll" total="1" errors="0" failures="0" not-run="0" inconclusive="0" ignored="0" skipped="0" invalid="0" date="2015-09-03" time="23:23:46">
  <environment nunit-version="2.6.3.13283" clr-version="2.0.50727.8000" os-version="Microsoft Windows NT 6.2.9200.0" platform="Win32NT" cwd="C:\Program Files (x86)\NUnit 2.6.3\bin" machine-name="VUKASINPC" user="Vukasin" user-domain="VUKASINPC" />
  <culture-info current-culture="en-US" current-uiculture="en-US" />
  <test-suite type="Assembly" name="D:\Programiranje\Fra.me\VS2012\MouseAndKeyboardSwitch\MouseAndKeyboardSwitch\TestcaseNUnit\bin\Debug\TestCaseNUnit.dll" executed="True" result="Success" success="True" time="5.937" asserts="0">
    <results>
      <test-suite type="Namespace" name="TestCaseNUnit" executed="True" result="Success" success="True" time="5.922" asserts="0">
        <results>
          <test-suite type="TestFixture" name="TestCase" executed="True" result="Success" success="True" time="5.918" asserts="0">
            <results>
              <test-case name="TestCaseNUnit.TestCase.ExecuteTest" executed="True" result="Success" success="True" time="5.858" asserts="0" />
            </results>
          </test-suite>
        </results>
      </test-suite>
    </results>
  </test-suite>
</test-results>